INFO: [VRFC 10-2263] Analyzing Verilog file "D:/Vivado/Project/ALU_1/ALU_1.srcs/sources_1/bd/ALU_1/ipshared/xilinx.com/four_2_input_and_gate_v1_0/four_2_input_and_gate.v" into library xil_defaultlib
INFO: [VRFC 10-311] analyzing module four_2_input_and_gate
INFO: [VRFC 10-2263] Analyzing Verilog file "D:/Vivado/Project/ALU_1/ALU_1.srcs/sources_1/bd/ALU_1/ip/ALU_1_four_2_input_and_gate_0_0/sim/ALU_1_four_2_input_and_gate_0_0.v" into library xil_defaultlib
INFO: [VRFC 10-311] analyzing module ALU_1_four_2_input_and_gate_0_0
INFO: [VRFC 10-2263] Analyzing Verilog file "D:/Vivado/Project/ALU_1/ALU_1.srcs/sources_1/bd/ALU_1/ipshared/xilinx.com/mux_8_to_1_v1_0/mux_8_to_1.v" into library xil_defaultlib
INFO: [VRFC 10-311] analyzing module mux_8_to_1
INFO: [VRFC 10-2263] Analyzing Verilog file "D:/Vivado/Project/ALU_1/ALU_1.srcs/sources_1/bd/ALU_1/ip/ALU_1_mux_8_to_1_0_0/sim/ALU_1_mux_8_to_1_0_0.v" into library xil_defaultlib
INFO: [VRFC 10-311] analyzing module ALU_1_mux_8_to_1_0_0
INFO: [VRFC 10-2263] Analyzing Verilog file "D:/Vivado/Project/ALU_1/ALU_1.srcs/sources_1/bd/ALU_1/ip/ALU_1_mux_8_to_1_1_0/sim/ALU_1_mux_8_to_1_1_0.v" into library xil_defaultlib
INFO: [VRFC 10-311] analyzing module ALU_1_mux_8_to_1_1_0
INFO: [VRFC 10-2263] Analyzing Verilog file "D:/Vivado/Project/ALU_1/ALU_1.srcs/sources_1/bd/ALU_1/ipshared/xilinx.com/four_2_input_or_gate_v1_0/four_2_input_or_gate.v" into library xil_defaultlib
INFO: [VRFC 10-311] analyzing module four_2_input_or_gate
INFO: [VRFC 10-2263] Analyzing Verilog file "D:/Vivado/Project/ALU_1/ALU_1.srcs/sources_1/bd/ALU_1/ip/ALU_1_four_2_input_or_gate_0_0/sim/ALU_1_four_2_input_or_gate_0_0.v" into library xil_defaultlib
INFO: [VRFC 10-311] analyzing module ALU_1_four_2_input_or_gate_0_0
INFO: [VRFC 10-2263] Analyzing Verilog file "D:/Vivado/Project/ALU_1/ALU_1.srcs/sources_1/bd/ALU_1/ipshared/xilinx.com/six_not_gate_v1_0/six_not_gate.v" into library xil_defaultlib
INFO: [VRFC 10-311] analyzing module six_not_gate
INFO: [VRFC 10-2263] Analyzing Verilog file "D:/Vivado/Project/ALU_1/ALU_1.srcs/sources_1/bd/ALU_1/ip/ALU_1_six_not_gate_0_0/sim/ALU_1_six_not_gate_0_0.v" into library xil_defaultlib
INFO: [VRFC 10-311] analyzing module ALU_1_six_not_gate_0_0
INFO: [VRFC 10-2263] Analyzing Verilog file "D:/Vivado/Project/ALU_1/ALU_1.srcs/sources_1/bd/ALU_1/ipshared/xilinx.com/decode138_v1_0/decode138.v" into library xil_defaultlib
INFO: [VRFC 10-311] analyzing module decode138
INFO: [VRFC 10-2263] Analyzing Verilog file "D:/Vivado/Project/ALU_1/ALU_1.srcs/sources_1/bd/ALU_1/ip/ALU_1_decode138_0_0/sim/ALU_1_decode138_0_0.v" into library xil_defaultlib
INFO: [VRFC 10-311] analyzing module ALU_1_decode138_0_0
INFO: [VRFC 10-2263] Analyzing Verilog file "D:/Vivado/Project/ALU_1/ALU_1.srcs/sources_1/bd/ALU_1/ipshared/xilinx.com/xup_nand4_v1_0/xup_nand4.srcs/sources_1/new/xup_nand4.v" into library xil_defaultlib
INFO: [VRFC 10-311] analyzing module xup_nand4
INFO: [VRFC 10-2263] Analyzing Verilog file "D:/Vivado/Project/ALU_1/ALU_1.srcs/sources_1/bd/ALU_1/ip/ALU_1_xup_nand4_0_0/sim/ALU_1_xup_nand4_0_0.v" into library xil_defaultlib
INFO: [VRFC 10-311] analyzing module ALU_1_xup_nand4_0_0
INFO: [VRFC 10-2263] Analyzing Verilog file "D:/Vivado/Project/ALU_1/ALU_1.srcs/sources_1/bd/ALU_1/ip/ALU_1_xup_nand4_1_0/sim/ALU_1_xup_nand4_1_0.v" into library xil_defaultlib
INFO: [VRFC 10-311] analyzing module ALU_1_xup_nand4_1_0
INFO: [VRFC 10-2263] Analyzing Verilog file "D:/Vivado/Project/ALU_1/ALU_1.srcs/sources_1/bd/ALU_1/ip/ALU_1_xup_nand4_2_0/sim/ALU_1_xup_nand4_2_0.v" into library xil_defaultlib
INFO: [VRFC 10-311] analyzing module ALU_1_xup_nand4_2_0
INFO: [VRFC 10-2263] Analyzing Verilog file "D:/Vivado/Project/ALU_1/ALU_1.srcs/sources_1/bd/ALU_1/hdl/ALU_1.v" into library xil_defaultlib
INFO: [VRFC 10-311] analyzing module ALU_1
INFO: [VRFC 10-2263] Analyzing Verilog file "D:/Vivado/Project/ALU_1/ALU_1.srcs/sources_1/bd/ALU_1/hdl/ALU_1_wrapper.v" into library xil_defaultlib
INFO: [VRFC 10-311] analyzing module ALU_1_wrapper
INFO: [VRFC 10-2263] Analyzing Verilog file "D:/Vivado/Project/ALU_1/ALU_1.sim/sim_1/behav/glbl.v" into library xil_defaultlib
INFO: [VRFC 10-311] analyzing module glbl
